\BOOKMARK [0][-]{chapter.1}{第一章  绪论}{}% 1
\BOOKMARK [1][-]{section.1.1}{1.1 背景}{chapter.1}% 2
\BOOKMARK [1][-]{section.1.2}{1.2 问题}{chapter.1}% 3
\BOOKMARK [1][-]{section.1.3}{1.3 目标}{chapter.1}% 4
\BOOKMARK [1][-]{section.1.4}{1.4 方法}{chapter.1}% 5
\BOOKMARK [1][-]{section.1.5}{1.5 意义}{chapter.1}% 6
\BOOKMARK [1][-]{section.1.6}{1.6 组织}{chapter.1}% 7
\BOOKMARK [0][-]{chapter.2}{第二章  设计}{}% 8
\BOOKMARK [1][-]{section.2.1}{2.1 架构设计}{chapter.2}% 9
\BOOKMARK [1][-]{section.2.2}{2.2 API设计}{chapter.2}% 10
\BOOKMARK [1][-]{section.2.3}{2.3 FAT32文件系统设计}{chapter.2}% 11
\BOOKMARK [1][-]{section.2.4}{2.4 硬件驱动模块的设计}{chapter.2}% 12
\BOOKMARK [1][-]{section.2.5}{2.5 小结}{chapter.2}% 13
\BOOKMARK [0][-]{chapter.3}{第三章  实现}{}% 14
\BOOKMARK [1][-]{section.3.1}{3.1 预定义}{chapter.3}% 15
\BOOKMARK [1][-]{section.3.2}{3.2 文件系统相关函数的实现}{chapter.3}% 16
\BOOKMARK [2][-]{subsection.3.2.1}{3.2.1 挂载文件系统}{section.3.2}% 17
\BOOKMARK [2][-]{subsection.3.2.2}{3.2.2 文件的创建与删除}{section.3.2}% 18
\BOOKMARK [2][-]{subsection.3.2.3}{3.2.3 文件的打开与关闭}{section.3.2}% 19
\BOOKMARK [2][-]{subsection.3.2.4}{3.2.4 文件的读写}{section.3.2}% 20
\BOOKMARK [2][-]{subsection.3.2.5}{3.2.5 读写指针的重定位}{section.3.2}% 21
\BOOKMARK [1][-]{section.3.3}{3.3 底层函数的实现}{chapter.3}% 22
\BOOKMARK [2][-]{subsection.3.3.1}{3.3.1 SD卡初始化并进入SPI模式}{section.3.3}% 23
\BOOKMARK [2][-]{subsection.3.3.2}{3.3.2 SD卡读写扇区}{section.3.3}% 24
\BOOKMARK [1][-]{section.3.4}{3.4 小结}{chapter.3}% 25
\BOOKMARK [0][-]{chapter.4}{第四章  实验与结果}{}% 26
\BOOKMARK [1][-]{section.4.1}{4.1 工作区的文件组成}{chapter.4}% 27
\BOOKMARK [1][-]{section.4.2}{4.2 文件系统模块的逻辑验证}{chapter.4}% 28
\BOOKMARK [1][-]{section.4.3}{4.3 实际的实验验证}{chapter.4}% 29
\BOOKMARK [1][-]{section.4.4}{4.4 结果}{chapter.4}% 30
\BOOKMARK [1][-]{section.4.5}{4.5 小结}{chapter.4}% 31
\BOOKMARK [0][-]{chapter.5}{第五章  全文总结}{}% 32
\BOOKMARK [0][-]{appendix*.25}{参考文献}{}% 33
\BOOKMARK [0][-]{appendix*.26}{致    谢}{}% 34
\BOOKMARK [0][-]{appendix*.27}{毕业设计小结}{}% 35
\BOOKMARK [0][-]{appendix*.28}{附录A FAT模块声明和定义}{}% 36
\BOOKMARK [0][-]{appendix*.29}{附录B 底层模块声明和定义}{}% 37
